Case #1:
10000000000000000000000000000011 3 4 5 6 7 8 9 10 11
10000000000000000000000000000110 3 4 5 6 7 8 9 10 11
10000000000000000000000000001111 3 4 5 6 7 8 9 10 11
10000000000000000000000000011110 3 4 5 6 7 8 9 10 11
10000000000000000000000000111111 3 4 5 6 7 8 9 10 11
10000000000000000000000001111110 3 4 5 6 7 8 9 10 11
10000000000000000000000011111111 3 4 5 6 7 8 9 10 11
10000000000000000000000111111110 3 4 5 6 7 8 9 10 11
10000000000000000000001111111111 3 4 5 6 7 8 9 10 11
10000000000000000000011111111110 3 4 5 6 7 8 9 10 11
10000000000000000000111111111111 3 4 5 6 7 8 9 10 11
10000000000000000001111111111110 3 4 5 6 7 8 9 10 11
10000000000000000011111111111111 3 4 5 6 7 8 9 10 11
10000000000000000111111111111110 3 4 5 6 7 8 9 10 11
10000000000000001111111111111111 3 4 5 6 7 8 9 10 11
10000000000000011111111111111110 3 4 5 6 7 8 9 10 11
10000000000000111111111111111111 3 4 5 6 7 8 9 10 11
10000000000001111111111111111110 3 4 5 6 7 8 9 10 11
10000000000011111111111111111111 3 4 5 6 7 8 9 10 11
10000000000111111111111111111110 3 4 5 6 7 8 9 10 11
10000000000011111111111111111100 3 4 5 6 7 8 9 10 11
10000000000111111111111111111011 3 4 5 6 7 8 9 10 11
10000000000111111111111111111000 3 4 5 6 7 8 9 10 11
10000000000000111111111111111100 3 4 5 6 7 8 9 10 11
10000000000001111111111111111011 3 4 5 6 7 8 9 10 11
10000000000011111111111111110110 3 4 5 6 7 8 9 10 11
10000000000111111111111111101111 3 4 5 6 7 8 9 10 11
10000000000111111111111111101100 3 4 5 6 7 8 9 10 11
10000000000001111111111111111000 3 4 5 6 7 8 9 10 11
10000000000011111111111111110011 3 4 5 6 7 8 9 10 11
10000000000111111111111111100110 3 4 5 6 7 8 9 10 11
10000000000011111111111111110000 3 4 5 6 7 8 9 10 11
10000000000111111111111111100011 3 4 5 6 7 8 9 10 11
10000000000111111111111111100000 3 4 5 6 7 8 9 10 11
10000000000000001111111111111100 3 4 5 6 7 8 9 10 11
10000000000000011111111111111011 3 4 5 6 7 8 9 10 11
10000000000000111111111111110110 3 4 5 6 7 8 9 10 11
10000000000001111111111111101111 3 4 5 6 7 8 9 10 11
10000000000011111111111111011110 3 4 5 6 7 8 9 10 11
10000000000111111111111110111111 3 4 5 6 7 8 9 10 11
10000000000111111111111110111100 3 4 5 6 7 8 9 10 11
10000000000001111111111111101100 3 4 5 6 7 8 9 10 11
10000000000011111111111111011011 3 4 5 6 7 8 9 10 11
10000000000111111111111110110110 3 4 5 6 7 8 9 10 11
10000000000011111111111111011000 3 4 5 6 7 8 9 10 11
10000000000111111111111110110011 3 4 5 6 7 8 9 10 11
10000000000111111111111110110000 3 4 5 6 7 8 9 10 11
10000000000000011111111111111000 3 4 5 6 7 8 9 10 11
10000000000000111111111111110011 3 4 5 6 7 8 9 10 11
10000000000001111111111111100110 3 4 5 6 7 8 9 10 11
10000000000011111111111111001111 3 4 5 6 7 8 9 10 11
10000000000111111111111110011110 3 4 5 6 7 8 9 10 11
10000000000011111111111111001100 3 4 5 6 7 8 9 10 11
10000000000111111111111110011011 3 4 5 6 7 8 9 10 11
10000000000111111111111110011000 3 4 5 6 7 8 9 10 11
10000000000000111111111111110000 3 4 5 6 7 8 9 10 11
10000000000001111111111111100011 3 4 5 6 7 8 9 10 11
10000000000011111111111111000110 3 4 5 6 7 8 9 10 11
10000000000111111111111110001111 3 4 5 6 7 8 9 10 11
10000000000111111111111110001100 3 4 5 6 7 8 9 10 11
10000000000001111111111111100000 3 4 5 6 7 8 9 10 11
10000000000011111111111111000011 3 4 5 6 7 8 9 10 11
10000000000111111111111110000110 3 4 5 6 7 8 9 10 11
10000000000011111111111111000000 3 4 5 6 7 8 9 10 11
10000000000111111111111110000011 3 4 5 6 7 8 9 10 11
10000000000111111111111110000000 3 4 5 6 7 8 9 10 11
10000000000000000011111111111100 3 4 5 6 7 8 9 10 11
10000000000000000111111111111011 3 4 5 6 7 8 9 10 11
10000000000000001111111111110110 3 4 5 6 7 8 9 10 11
10000000000000011111111111101111 3 4 5 6 7 8 9 10 11
10000000000000111111111111011110 3 4 5 6 7 8 9 10 11
10000000000001111111111110111111 3 4 5 6 7 8 9 10 11
10000000000011111111111101111110 3 4 5 6 7 8 9 10 11
10000000000111111111111011111111 3 4 5 6 7 8 9 10 11
10000000000111111111111011111100 3 4 5 6 7 8 9 10 11
10000000000001111111111110111100 3 4 5 6 7 8 9 10 11
10000000000011111111111101111011 3 4 5 6 7 8 9 10 11
10000000000111111111111011110110 3 4 5 6 7 8 9 10 11
10000000000011111111111101111000 3 4 5 6 7 8 9 10 11
10000000000111111111111011110011 3 4 5 6 7 8 9 10 11
10000000000111111111111011110000 3 4 5 6 7 8 9 10 11
10000000000000011111111111101100 3 4 5 6 7 8 9 10 11
10000000000000111111111111011011 3 4 5 6 7 8 9 10 11
10000000000001111111111110110110 3 4 5 6 7 8 9 10 11
10000000000011111111111101101111 3 4 5 6 7 8 9 10 11
10000000000111111111111011011110 3 4 5 6 7 8 9 10 11
10000000000011111111111101101100 3 4 5 6 7 8 9 10 11
10000000000111111111111011011011 3 4 5 6 7 8 9 10 11
10000000000111111111111011011000 3 4 5 6 7 8 9 10 11
10000000000000111111111111011000 3 4 5 6 7 8 9 10 11
10000000000001111111111110110011 3 4 5 6 7 8 9 10 11
10000000000011111111111101100110 3 4 5 6 7 8 9 10 11
10000000000111111111111011001111 3 4 5 6 7 8 9 10 11
10000000000111111111111011001100 3 4 5 6 7 8 9 10 11
10000000000001111111111110110000 3 4 5 6 7 8 9 10 11
10000000000011111111111101100011 3 4 5 6 7 8 9 10 11
10000000000111111111111011000110 3 4 5 6 7 8 9 10 11
10000000000011111111111101100000 3 4 5 6 7 8 9 10 11
10000000000111111111111011000011 3 4 5 6 7 8 9 10 11
10000000000111111111111011000000 3 4 5 6 7 8 9 10 11
10000000000000000111111111111000 3 4 5 6 7 8 9 10 11
10000000000000001111111111110011 3 4 5 6 7 8 9 10 11
10000000000000011111111111100110 3 4 5 6 7 8 9 10 11
10000000000000111111111111001111 3 4 5 6 7 8 9 10 11
10000000000001111111111110011110 3 4 5 6 7 8 9 10 11
10000000000011111111111100111111 3 4 5 6 7 8 9 10 11
10000000000111111111111001111110 3 4 5 6 7 8 9 10 11
10000000000011111111111100111100 3 4 5 6 7 8 9 10 11
10000000000111111111111001111011 3 4 5 6 7 8 9 10 11
10000000000111111111111001111000 3 4 5 6 7 8 9 10 11
10000000000000111111111111001100 3 4 5 6 7 8 9 10 11
10000000000001111111111110011011 3 4 5 6 7 8 9 10 11
10000000000011111111111100110110 3 4 5 6 7 8 9 10 11
10000000000111111111111001101111 3 4 5 6 7 8 9 10 11
10000000000111111111111001101100 3 4 5 6 7 8 9 10 11
10000000000001111111111110011000 3 4 5 6 7 8 9 10 11
10000000000011111111111100110011 3 4 5 6 7 8 9 10 11
10000000000111111111111001100110 3 4 5 6 7 8 9 10 11
10000000000011111111111100110000 3 4 5 6 7 8 9 10 11
10000000000111111111111001100011 3 4 5 6 7 8 9 10 11
10000000000111111111111001100000 3 4 5 6 7 8 9 10 11
10000000000000001111111111110000 3 4 5 6 7 8 9 10 11
10000000000000011111111111100011 3 4 5 6 7 8 9 10 11
10000000000000111111111111000110 3 4 5 6 7 8 9 10 11
10000000000001111111111110001111 3 4 5 6 7 8 9 10 11
10000000000011111111111100011110 3 4 5 6 7 8 9 10 11
10000000000111111111111000111111 3 4 5 6 7 8 9 10 11
10000000000111111111111000111100 3 4 5 6 7 8 9 10 11
10000000000001111111111110001100 3 4 5 6 7 8 9 10 11
10000000000011111111111100011011 3 4 5 6 7 8 9 10 11
10000000000111111111111000110110 3 4 5 6 7 8 9 10 11
10000000000011111111111100011000 3 4 5 6 7 8 9 10 11
10000000000111111111111000110011 3 4 5 6 7 8 9 10 11
10000000000111111111111000110000 3 4 5 6 7 8 9 10 11
10000000000000011111111111100000 3 4 5 6 7 8 9 10 11
10000000000000111111111111000011 3 4 5 6 7 8 9 10 11
10000000000001111111111110000110 3 4 5 6 7 8 9 10 11
10000000000011111111111100001111 3 4 5 6 7 8 9 10 11
10000000000111111111111000011110 3 4 5 6 7 8 9 10 11
10000000000011111111111100001100 3 4 5 6 7 8 9 10 11
10000000000111111111111000011011 3 4 5 6 7 8 9 10 11
10000000000111111111111000011000 3 4 5 6 7 8 9 10 11
10000000000000111111111111000000 3 4 5 6 7 8 9 10 11
10000000000001111111111110000011 3 4 5 6 7 8 9 10 11
10000000000011111111111100000110 3 4 5 6 7 8 9 10 11
10000000000111111111111000001111 3 4 5 6 7 8 9 10 11
10000000000111111111111000001100 3 4 5 6 7 8 9 10 11
10000000000001111111111110000000 3 4 5 6 7 8 9 10 11
10000000000011111111111100000011 3 4 5 6 7 8 9 10 11
10000000000111111111111000000110 3 4 5 6 7 8 9 10 11
10000000000011111111111100000000 3 4 5 6 7 8 9 10 11
10000000000111111111111000000011 3 4 5 6 7 8 9 10 11
10000000000111111111111000000000 3 4 5 6 7 8 9 10 11
10000000000000000000111111111100 3 4 5 6 7 8 9 10 11
10000000000000000001111111111011 3 4 5 6 7 8 9 10 11
10000000000000000011111111110110 3 4 5 6 7 8 9 10 11
10000000000000000111111111101111 3 4 5 6 7 8 9 10 11
10000000000000001111111111011110 3 4 5 6 7 8 9 10 11
10000000000000011111111110111111 3 4 5 6 7 8 9 10 11
10000000000000111111111101111110 3 4 5 6 7 8 9 10 11
10000000000001111111111011111111 3 4 5 6 7 8 9 10 11
10000000000011111111110111111110 3 4 5 6 7 8 9 10 11
10000000000111111111101111111111 3 4 5 6 7 8 9 10 11
10000000000111111111101111111100 3 4 5 6 7 8 9 10 11
10000000000001111111111011111100 3 4 5 6 7 8 9 10 11
10000000000011111111110111111011 3 4 5 6 7 8 9 10 11
10000000000111111111101111110110 3 4 5 6 7 8 9 10 11
10000000000011111111110111111000 3 4 5 6 7 8 9 10 11
10000000000111111111101111110011 3 4 5 6 7 8 9 10 11
10000000000111111111101111110000 3 4 5 6 7 8 9 10 11
10000000000000011111111110111100 3 4 5 6 7 8 9 10 11
10000000000000111111111101111011 3 4 5 6 7 8 9 10 11
10000000000001111111111011110110 3 4 5 6 7 8 9 10 11
10000000000011111111110111101111 3 4 5 6 7 8 9 10 11
10000000000111111111101111011110 3 4 5 6 7 8 9 10 11
10000000000011111111110111101100 3 4 5 6 7 8 9 10 11
10000000000111111111101111011011 3 4 5 6 7 8 9 10 11
10000000000111111111101111011000 3 4 5 6 7 8 9 10 11
10000000000000111111111101111000 3 4 5 6 7 8 9 10 11
10000000000001111111111011110011 3 4 5 6 7 8 9 10 11
10000000000011111111110111100110 3 4 5 6 7 8 9 10 11
10000000000111111111101111001111 3 4 5 6 7 8 9 10 11
10000000000111111111101111001100 3 4 5 6 7 8 9 10 11
10000000000001111111111011110000 3 4 5 6 7 8 9 10 11
10000000000011111111110111100011 3 4 5 6 7 8 9 10 11
10000000000111111111101111000110 3 4 5 6 7 8 9 10 11
10000000000011111111110111100000 3 4 5 6 7 8 9 10 11
10000000000111111111101111000011 3 4 5 6 7 8 9 10 11
10000000000111111111101111000000 3 4 5 6 7 8 9 10 11
10000000000000000111111111101100 3 4 5 6 7 8 9 10 11
10000000000000001111111111011011 3 4 5 6 7 8 9 10 11
10000000000000011111111110110110 3 4 5 6 7 8 9 10 11
10000000000000111111111101101111 3 4 5 6 7 8 9 10 11
10000000000001111111111011011110 3 4 5 6 7 8 9 10 11
10000000000011111111110110111111 3 4 5 6 7 8 9 10 11
10000000000111111111101101111110 3 4 5 6 7 8 9 10 11
10000000000011111111110110111100 3 4 5 6 7 8 9 10 11
10000000000111111111101101111011 3 4 5 6 7 8 9 10 11
10000000000111111111101101111000 3 4 5 6 7 8 9 10 11
10000000000000111111111101101100 3 4 5 6 7 8 9 10 11
10000000000001111111111011011011 3 4 5 6 7 8 9 10 11
10000000000011111111110110110110 3 4 5 6 7 8 9 10 11
10000000000111111111101101101111 3 4 5 6 7 8 9 10 11
10000000000111111111101101101100 3 4 5 6 7 8 9 10 11
10000000000001111111111011011000 3 4 5 6 7 8 9 10 11
10000000000011111111110110110011 3 4 5 6 7 8 9 10 11
10000000000111111111101101100110 3 4 5 6 7 8 9 10 11
10000000000011111111110110110000 3 4 5 6 7 8 9 10 11
10000000000111111111101101100011 3 4 5 6 7 8 9 10 11
10000000000111111111101101100000 3 4 5 6 7 8 9 10 11
10000000000000001111111111011000 3 4 5 6 7 8 9 10 11
10000000000000011111111110110011 3 4 5 6 7 8 9 10 11
10000000000000111111111101100110 3 4 5 6 7 8 9 10 11
10000000000001111111111011001111 3 4 5 6 7 8 9 10 11
10000000000011111111110110011110 3 4 5 6 7 8 9 10 11
10000000000111111111101100111111 3 4 5 6 7 8 9 10 11
10000000000111111111101100111100 3 4 5 6 7 8 9 10 11
10000000000001111111111011001100 3 4 5 6 7 8 9 10 11
10000000000011111111110110011011 3 4 5 6 7 8 9 10 11
10000000000111111111101100110110 3 4 5 6 7 8 9 10 11
10000000000011111111110110011000 3 4 5 6 7 8 9 10 11
10000000000111111111101100110011 3 4 5 6 7 8 9 10 11
10000000000111111111101100110000 3 4 5 6 7 8 9 10 11
10000000000000011111111110110000 3 4 5 6 7 8 9 10 11
10000000000000111111111101100011 3 4 5 6 7 8 9 10 11
10000000000001111111111011000110 3 4 5 6 7 8 9 10 11
10000000000011111111110110001111 3 4 5 6 7 8 9 10 11
10000000000111111111101100011110 3 4 5 6 7 8 9 10 11
10000000000011111111110110001100 3 4 5 6 7 8 9 10 11
10000000000111111111101100011011 3 4 5 6 7 8 9 10 11
10000000000111111111101100011000 3 4 5 6 7 8 9 10 11
10000000000000111111111101100000 3 4 5 6 7 8 9 10 11
10000000000001111111111011000011 3 4 5 6 7 8 9 10 11
10000000000011111111110110000110 3 4 5 6 7 8 9 10 11
10000000000111111111101100001111 3 4 5 6 7 8 9 10 11
10000000000111111111101100001100 3 4 5 6 7 8 9 10 11
10000000000001111111111011000000 3 4 5 6 7 8 9 10 11
10000000000011111111110110000011 3 4 5 6 7 8 9 10 11
10000000000111111111101100000110 3 4 5 6 7 8 9 10 11
10000000000011111111110110000000 3 4 5 6 7 8 9 10 11
10000000000111111111101100000011 3 4 5 6 7 8 9 10 11
10000000000111111111101100000000 3 4 5 6 7 8 9 10 11
10000000000000000001111111111000 3 4 5 6 7 8 9 10 11
10000000000000000011111111110011 3 4 5 6 7 8 9 10 11
10000000000000000111111111100110 3 4 5 6 7 8 9 10 11
10000000000000001111111111001111 3 4 5 6 7 8 9 10 11
10000000000000011111111110011110 3 4 5 6 7 8 9 10 11
10000000000000111111111100111111 3 4 5 6 7 8 9 10 11
10000000000001111111111001111110 3 4 5 6 7 8 9 10 11
10000000000011111111110011111111 3 4 5 6 7 8 9 10 11
10000000000111111111100111111110 3 4 5 6 7 8 9 10 11
10000000000011111111110011111100 3 4 5 6 7 8 9 10 11
10000000000111111111100111111011 3 4 5 6 7 8 9 10 11
10000000000111111111100111111000 3 4 5 6 7 8 9 10 11
10000000000000111111111100111100 3 4 5 6 7 8 9 10 11
10000000000001111111111001111011 3 4 5 6 7 8 9 10 11
10000000000011111111110011110110 3 4 5 6 7 8 9 10 11
10000000000111111111100111101111 3 4 5 6 7 8 9 10 11
10000000000111111111100111101100 3 4 5 6 7 8 9 10 11
10000000000001111111111001111000 3 4 5 6 7 8 9 10 11
10000000000011111111110011110011 3 4 5 6 7 8 9 10 11
10000000000111111111100111100110 3 4 5 6 7 8 9 10 11
10000000000011111111110011110000 3 4 5 6 7 8 9 10 11
10000000000111111111100111100011 3 4 5 6 7 8 9 10 11
10000000000111111111100111100000 3 4 5 6 7 8 9 10 11
10000000000000001111111111001100 3 4 5 6 7 8 9 10 11
10000000000000011111111110011011 3 4 5 6 7 8 9 10 11
10000000000000111111111100110110 3 4 5 6 7 8 9 10 11
10000000000001111111111001101111 3 4 5 6 7 8 9 10 11
10000000000011111111110011011110 3 4 5 6 7 8 9 10 11
10000000000111111111100110111111 3 4 5 6 7 8 9 10 11
10000000000111111111100110111100 3 4 5 6 7 8 9 10 11
10000000000001111111111001101100 3 4 5 6 7 8 9 10 11
10000000000011111111110011011011 3 4 5 6 7 8 9 10 11
10000000000111111111100110110110 3 4 5 6 7 8 9 10 11
10000000000011111111110011011000 3 4 5 6 7 8 9 10 11
10000000000111111111100110110011 3 4 5 6 7 8 9 10 11
10000000000111111111100110110000 3 4 5 6 7 8 9 10 11
10000000000000011111111110011000 3 4 5 6 7 8 9 10 11
10000000000000111111111100110011 3 4 5 6 7 8 9 10 11
10000000000001111111111001100110 3 4 5 6 7 8 9 10 11
10000000000011111111110011001111 3 4 5 6 7 8 9 10 11
10000000000111111111100110011110 3 4 5 6 7 8 9 10 11
10000000000011111111110011001100 3 4 5 6 7 8 9 10 11
10000000000111111111100110011011 3 4 5 6 7 8 9 10 11
10000000000111111111100110011000 3 4 5 6 7 8 9 10 11
10000000000000111111111100110000 3 4 5 6 7 8 9 10 11
10000000000001111111111001100011 3 4 5 6 7 8 9 10 11
10000000000011111111110011000110 3 4 5 6 7 8 9 10 11
10000000000111111111100110001111 3 4 5 6 7 8 9 10 11
10000000000111111111100110001100 3 4 5 6 7 8 9 10 11
10000000000001111111111001100000 3 4 5 6 7 8 9 10 11
10000000000011111111110011000011 3 4 5 6 7 8 9 10 11
10000000000111111111100110000110 3 4 5 6 7 8 9 10 11
10000000000011111111110011000000 3 4 5 6 7 8 9 10 11
10000000000111111111100110000011 3 4 5 6 7 8 9 10 11
10000000000111111111100110000000 3 4 5 6 7 8 9 10 11
10000000000000000011111111110000 3 4 5 6 7 8 9 10 11
10000000000000000111111111100011 3 4 5 6 7 8 9 10 11
10000000000000001111111111000110 3 4 5 6 7 8 9 10 11
10000000000000011111111110001111 3 4 5 6 7 8 9 10 11
10000000000000111111111100011110 3 4 5 6 7 8 9 10 11
10000000000001111111111000111111 3 4 5 6 7 8 9 10 11
10000000000011111111110001111110 3 4 5 6 7 8 9 10 11
10000000000111111111100011111111 3 4 5 6 7 8 9 10 11
10000000000111111111100011111100 3 4 5 6 7 8 9 10 11
10000000000001111111111000111100 3 4 5 6 7 8 9 10 11
10000000000011111111110001111011 3 4 5 6 7 8 9 10 11
10000000000111111111100011110110 3 4 5 6 7 8 9 10 11
10000000000011111111110001111000 3 4 5 6 7 8 9 10 11
10000000000111111111100011110011 3 4 5 6 7 8 9 10 11
10000000000111111111100011110000 3 4 5 6 7 8 9 10 11
10000000000000011111111110001100 3 4 5 6 7 8 9 10 11
10000000000000111111111100011011 3 4 5 6 7 8 9 10 11
10000000000001111111111000110110 3 4 5 6 7 8 9 10 11
10000000000011111111110001101111 3 4 5 6 7 8 9 10 11
10000000000111111111100011011110 3 4 5 6 7 8 9 10 11
10000000000011111111110001101100 3 4 5 6 7 8 9 10 11
10000000000111111111100011011011 3 4 5 6 7 8 9 10 11
10000000000111111111100011011000 3 4 5 6 7 8 9 10 11
10000000000000111111111100011000 3 4 5 6 7 8 9 10 11
10000000000001111111111000110011 3 4 5 6 7 8 9 10 11
10000000000011111111110001100110 3 4 5 6 7 8 9 10 11
10000000000111111111100011001111 3 4 5 6 7 8 9 10 11
10000000000111111111100011001100 3 4 5 6 7 8 9 10 11
10000000000001111111111000110000 3 4 5 6 7 8 9 10 11
10000000000011111111110001100011 3 4 5 6 7 8 9 10 11
10000000000111111111100011000110 3 4 5 6 7 8 9 10 11
10000000000011111111110001100000 3 4 5 6 7 8 9 10 11
10000000000111111111100011000011 3 4 5 6 7 8 9 10 11
10000000000111111111100011000000 3 4 5 6 7 8 9 10 11
10000000000000000111111111100000 3 4 5 6 7 8 9 10 11
10000000000000001111111111000011 3 4 5 6 7 8 9 10 11
10000000000000011111111110000110 3 4 5 6 7 8 9 10 11
10000000000000111111111100001111 3 4 5 6 7 8 9 10 11
10000000000001111111111000011110 3 4 5 6 7 8 9 10 11
10000000000011111111110000111111 3 4 5 6 7 8 9 10 11
10000000000111111111100001111110 3 4 5 6 7 8 9 10 11
10000000000011111111110000111100 3 4 5 6 7 8 9 10 11
10000000000111111111100001111011 3 4 5 6 7 8 9 10 11
10000000000111111111100001111000 3 4 5 6 7 8 9 10 11
10000000000000111111111100001100 3 4 5 6 7 8 9 10 11
10000000000001111111111000011011 3 4 5 6 7 8 9 10 11
10000000000011111111110000110110 3 4 5 6 7 8 9 10 11
10000000000111111111100001101111 3 4 5 6 7 8 9 10 11
10000000000111111111100001101100 3 4 5 6 7 8 9 10 11
10000000000001111111111000011000 3 4 5 6 7 8 9 10 11
10000000000011111111110000110011 3 4 5 6 7 8 9 10 11
10000000000111111111100001100110 3 4 5 6 7 8 9 10 11
10000000000011111111110000110000 3 4 5 6 7 8 9 10 11
10000000000111111111100001100011 3 4 5 6 7 8 9 10 11
10000000000111111111100001100000 3 4 5 6 7 8 9 10 11
10000000000000001111111111000000 3 4 5 6 7 8 9 10 11
10000000000000011111111110000011 3 4 5 6 7 8 9 10 11
10000000000000111111111100000110 3 4 5 6 7 8 9 10 11
10000000000001111111111000001111 3 4 5 6 7 8 9 10 11
10000000000011111111110000011110 3 4 5 6 7 8 9 10 11
10000000000111111111100000111111 3 4 5 6 7 8 9 10 11
10000000000111111111100000111100 3 4 5 6 7 8 9 10 11
10000000000001111111111000001100 3 4 5 6 7 8 9 10 11
10000000000011111111110000011011 3 4 5 6 7 8 9 10 11
10000000000111111111100000110110 3 4 5 6 7 8 9 10 11
10000000000011111111110000011000 3 4 5 6 7 8 9 10 11
10000000000111111111100000110011 3 4 5 6 7 8 9 10 11
10000000000111111111100000110000 3 4 5 6 7 8 9 10 11
10000000000000011111111110000000 3 4 5 6 7 8 9 10 11
10000000000000111111111100000011 3 4 5 6 7 8 9 10 11
10000000000001111111111000000110 3 4 5 6 7 8 9 10 11
10000000000011111111110000001111 3 4 5 6 7 8 9 10 11
10000000000111111111100000011110 3 4 5 6 7 8 9 10 11
10000000000011111111110000001100 3 4 5 6 7 8 9 10 11
10000000000111111111100000011011 3 4 5 6 7 8 9 10 11
10000000000111111111100000011000 3 4 5 6 7 8 9 10 11
10000000000000111111111100000000 3 4 5 6 7 8 9 10 11
10000000000001111111111000000011 3 4 5 6 7 8 9 10 11
10000000000011111111110000000110 3 4 5 6 7 8 9 10 11
10000000000111111111100000001111 3 4 5 6 7 8 9 10 11
10000000000111111111100000001100 3 4 5 6 7 8 9 10 11
10000000000001111111111000000000 3 4 5 6 7 8 9 10 11
10000000000011111111110000000011 3 4 5 6 7 8 9 10 11
10000000000111111111100000000110 3 4 5 6 7 8 9 10 11
10000000000011111111110000000000 3 4 5 6 7 8 9 10 11
10000000000111111111100000000011 3 4 5 6 7 8 9 10 11
10000000000111111111100000000000 3 4 5 6 7 8 9 10 11
10000000000000000000001111111100 3 4 5 6 7 8 9 10 11
10000000000000000000011111111011 3 4 5 6 7 8 9 10 11
10000000000000000000111111110110 3 4 5 6 7 8 9 10 11
10000000000000000001111111101111 3 4 5 6 7 8 9 10 11
10000000000000000011111111011110 3 4 5 6 7 8 9 10 11
10000000000000000111111110111111 3 4 5 6 7 8 9 10 11
10000000000000001111111101111110 3 4 5 6 7 8 9 10 11
10000000000000011111111011111111 3 4 5 6 7 8 9 10 11
10000000000000111111110111111110 3 4 5 6 7 8 9 10 11
10000000000001111111101111111111 3 4 5 6 7 8 9 10 11
10000000000011111111011111111110 3 4 5 6 7 8 9 10 11
10000000000111111110111111111111 3 4 5 6 7 8 9 10 11
10000000000111111110111111111100 3 4 5 6 7 8 9 10 11
10000000000001111111101111111100 3 4 5 6 7 8 9 10 11
10000000000011111111011111111011 3 4 5 6 7 8 9 10 11
10000000000111111110111111110110 3 4 5 6 7 8 9 10 11
10000000000011111111011111111000 3 4 5 6 7 8 9 10 11
10000000000111111110111111110011 3 4 5 6 7 8 9 10 11
10000000000111111110111111110000 3 4 5 6 7 8 9 10 11
10000000000000011111111011111100 3 4 5 6 7 8 9 10 11
10000000000000111111110111111011 3 4 5 6 7 8 9 10 11
10000000000001111111101111110110 3 4 5 6 7 8 9 10 11
10000000000011111111011111101111 3 4 5 6 7 8 9 10 11
10000000000111111110111111011110 3 4 5 6 7 8 9 10 11
10000000000011111111011111101100 3 4 5 6 7 8 9 10 11
10000000000111111110111111011011 3 4 5 6 7 8 9 10 11
10000000000111111110111111011000 3 4 5 6 7 8 9 10 11
10000000000000111111110111111000 3 4 5 6 7 8 9 10 11
10000000000001111111101111110011 3 4 5 6 7 8 9 10 11
10000000000011111111011111100110 3 4 5 6 7 8 9 10 11
10000000000111111110111111001111 3 4 5 6 7 8 9 10 11
10000000000111111110111111001100 3 4 5 6 7 8 9 10 11
10000000000001111111101111110000 3 4 5 6 7 8 9 10 11
10000000000011111111011111100011 3 4 5 6 7 8 9 10 11
10000000000111111110111111000110 3 4 5 6 7 8 9 10 11
10000000000011111111011111100000 3 4 5 6 7 8 9 10 11
10000000000111111110111111000011 3 4 5 6 7 8 9 10 11
10000000000111111110111111000000 3 4 5 6 7 8 9 10 11
10000000000000000111111110111100 3 4 5 6 7 8 9 10 11
10000000000000001111111101111011 3 4 5 6 7 8 9 10 11
10000000000000011111111011110110 3 4 5 6 7 8 9 10 11
10000000000000111111110111101111 3 4 5 6 7 8 9 10 11
10000000000001111111101111011110 3 4 5 6 7 8 9 10 11
10000000000011111111011110111111 3 4 5 6 7 8 9 10 11
10000000000111111110111101111110 3 4 5 6 7 8 9 10 11
10000000000011111111011110111100 3 4 5 6 7 8 9 10 11
10000000000111111110111101111011 3 4 5 6 7 8 9 10 11
10000000000111111110111101111000 3 4 5 6 7 8 9 10 11
10000000000000111111110111101100 3 4 5 6 7 8 9 10 11
10000000000001111111101111011011 3 4 5 6 7 8 9 10 11
10000000000011111111011110110110 3 4 5 6 7 8 9 10 11
10000000000111111110111101101111 3 4 5 6 7 8 9 10 11
10000000000111111110111101101100 3 4 5 6 7 8 9 10 11
10000000000001111111101111011000 3 4 5 6 7 8 9 10 11
10000000000011111111011110110011 3 4 5 6 7 8 9 10 11
10000000000111111110111101100110 3 4 5 6 7 8 9 10 11
10000000000011111111011110110000 3 4 5 6 7 8 9 10 11
10000000000111111110111101100011 3 4 5 6 7 8 9 10 11
10000000000111111110111101100000 3 4 5 6 7 8 9 10 11
10000000000000001111111101111000 3 4 5 6 7 8 9 10 11
10000000000000011111111011110011 3 4 5 6 7 8 9 10 11
10000000000000111111110111100110 3 4 5 6 7 8 9 10 11
10000000000001111111101111001111 3 4 5 6 7 8 9 10 11
10000000000011111111011110011110 3 4 5 6 7 8 9 10 11
10000000000111111110111100111111 3 4 5 6 7 8 9 10 11
10000000000111111110111100111100 3 4 5 6 7 8 9 10 11
10000000000001111111101111001100 3 4 5 6 7 8 9 10 11
10000000000011111111011110011011 3 4 5 6 7 8 9 10 11
10000000000111111110111100110110 3 4 5 6 7 8 9 10 11
10000000000011111111011110011000 3 4 5 6 7 8 9 10 11
10000000000111111110111100110011 3 4 5 6 7 8 9 10 11
10000000000111111110111100110000 3 4 5 6 7 8 9 10 11
10000000000000011111111011110000 3 4 5 6 7 8 9 10 11
10000000000000111111110111100011 3 4 5 6 7 8 9 10 11
10000000000001111111101111000110 3 4 5 6 7 8 9 10 11
10000000000011111111011110001111 3 4 5 6 7 8 9 10 11
10000000000111111110111100011110 3 4 5 6 7 8 9 10 11
10000000000011111111011110001100 3 4 5 6 7 8 9 10 11
10000000000111111110111100011011 3 4 5 6 7 8 9 10 11
10000000000111111110111100011000 3 4 5 6 7 8 9 10 11
10000000000000111111110111100000 3 4 5 6 7 8 9 10 11
10000000000001111111101111000011 3 4 5 6 7 8 9 10 11
10000000000011111111011110000110 3 4 5 6 7 8 9 10 11
10000000000111111110111100001111 3 4 5 6 7 8 9 10 11
10000000000111111110111100001100 3 4 5 6 7 8 9 10 11
10000000000001111111101111000000 3 4 5 6 7 8 9 10 11
10000000000011111111011110000011 3 4 5 6 7 8 9 10 11
10000000000111111110111100000110 3 4 5 6 7 8 9 10 11
10000000000011111111011110000000 3 4 5 6 7 8 9 10 11
10000000000111111110111100000011 3 4 5 6 7 8 9 10 11
10000000000111111110111100000000 3 4 5 6 7 8 9 10 11
10000000000000000001111111101100 3 4 5 6 7 8 9 10 11
10000000000000000011111111011011 3 4 5 6 7 8 9 10 11
10000000000000000111111110110110 3 4 5 6 7 8 9 10 11
10000000000000001111111101101111 3 4 5 6 7 8 9 10 11
10000000000000011111111011011110 3 4 5 6 7 8 9 10 11
10000000000000111111110110111111 3 4 5 6 7 8 9 10 11
10000000000001111111101101111110 3 4 5 6 7 8 9 10 11
10000000000011111111011011111111 3 4 5 6 7 8 9 10 11
10000000000111111110110111111110 3 4 5 6 7 8 9 10 11
10000000000011111111011011111100 3 4 5 6 7 8 9 10 11
10000000000111111110110111111011 3 4 5 6 7 8 9 10 11
10000000000111111110110111111000 3 4 5 6 7 8 9 10 11
10000000000000111111110110111100 3 4 5 6 7 8 9 10 11
10000000000001111111101101111011 3 4 5 6 7 8 9 10 11
10000000000011111111011011110110 3 4 5 6 7 8 9 10 11
10000000000111111110110111101111 3 4 5 6 7 8 9 10 11
10000000000111111110110111101100 3 4 5 6 7 8 9 10 11
10000000000001111111101101111000 3 4 5 6 7 8 9 10 11
10000000000011111111011011110011 3 4 5 6 7 8 9 10 11
10000000000111111110110111100110 3 4 5 6 7 8 9 10 11
10000000000011111111011011110000 3 4 5 6 7 8 9 10 11
10000000000111111110110111100011 3 4 5 6 7 8 9 10 11
10000000000111111110110111100000 3 4 5 6 7 8 9 10 11
10000000000000001111111101101100 3 4 5 6 7 8 9 10 11
10000000000000011111111011011011 3 4 5 6 7 8 9 10 11
