Case #1:
1101111111111011 3 4 5 6 7 8 9 10 11
1101111111100011 3 4 5 6 7 8 9 10 11
1101111110110011 3 4 5 6 7 8 9 10 11
1101111110011011 3 4 5 6 7 8 9 10 11
1101111110000011 3 4 5 6 7 8 9 10 11
1101111011110011 3 4 5 6 7 8 9 10 11
1101111011011011 3 4 5 6 7 8 9 10 11
1101111011000011 3 4 5 6 7 8 9 10 11
1101111001111011 3 4 5 6 7 8 9 10 11
1101111001100011 3 4 5 6 7 8 9 10 11
1101111000110011 3 4 5 6 7 8 9 10 11
1101111000011011 3 4 5 6 7 8 9 10 11
1101111000000011 3 4 5 6 7 8 9 10 11
1101101111110011 3 4 5 6 7 8 9 10 11
1101101111011011 3 4 5 6 7 8 9 10 11
1101101111000011 3 4 5 6 7 8 9 10 11
1101101101111011 3 4 5 6 7 8 9 10 11
1101101101100011 3 4 5 6 7 8 9 10 11
1101101100110011 3 4 5 6 7 8 9 10 11
1101101100011011 3 4 5 6 7 8 9 10 11
1101101100000011 3 4 5 6 7 8 9 10 11
1101100111111011 3 4 5 6 7 8 9 10 11
1101100111100011 3 4 5 6 7 8 9 10 11
1101100110110011 3 4 5 6 7 8 9 10 11
1101100110011011 3 4 5 6 7 8 9 10 11
1101100110000011 3 4 5 6 7 8 9 10 11
1101100011110011 3 4 5 6 7 8 9 10 11
1101100011011011 3 4 5 6 7 8 9 10 11
1101100011000011 3 4 5 6 7 8 9 10 11
1101100001111011 3 4 5 6 7 8 9 10 11
1101100001100011 3 4 5 6 7 8 9 10 11
1101100000110011 3 4 5 6 7 8 9 10 11
1101100000011011 3 4 5 6 7 8 9 10 11
1101100000000011 3 4 5 6 7 8 9 10 11
1100111111110011 3 4 5 6 7 8 9 10 11
1100111111011011 3 4 5 6 7 8 9 10 11
1100111111000011 3 4 5 6 7 8 9 10 11
1100111101111011 3 4 5 6 7 8 9 10 11
1100111101100011 3 4 5 6 7 8 9 10 11
1100111100110011 3 4 5 6 7 8 9 10 11
1100111100011011 3 4 5 6 7 8 9 10 11
1100111100000011 3 4 5 6 7 8 9 10 11
1100110111111011 3 4 5 6 7 8 9 10 11
1100110111100011 3 4 5 6 7 8 9 10 11
1100110110110011 3 4 5 6 7 8 9 10 11
1100110110011011 3 4 5 6 7 8 9 10 11
1100110110000011 3 4 5 6 7 8 9 10 11
1100110011110011 3 4 5 6 7 8 9 10 11
1100110011011011 3 4 5 6 7 8 9 10 11
1100110011000011 3 4 5 6 7 8 9 10 11
