Case #1: 2
Case #2: 1
Case #3: IMPOSSIBLE
Case #4: 1 2
Case #5: 2 9
Case #6: IMPOSSIBLE
Case #7: IMPOSSIBLE
Case #8: 2
Case #9: IMPOSSIBLE
Case #10: IMPOSSIBLE
Case #11: 2
Case #12: 1
Case #13: 2 48038396025285292
Case #14: IMPOSSIBLE
Case #15: IMPOSSIBLE
Case #16: 1 2 3 4
Case #17: IMPOSSIBLE
Case #18: IMPOSSIBLE
Case #19: IMPOSSIBLE
Case #20: 1
Case #21: IMPOSSIBLE
Case #22: 2 259860575956 519721151910 779581727864 1039442303818 1299302879772 1559163455726 1819024031680 2078884607634 2338745183588 2598605759542 2858466335496 3118326911450 3378187487404 3638048063358 3897908639312 4157769215266 4417629791220 4677490367174 4937350943128 5197211519082 5457072095036 5716932670990 5976793246944 6236653822898 6496514398852 6756374974806 7016235550760 7276096126714 7535956702668 7795817278622 8055677854576 8315538430530 8575399006484 8835259582438 9095120158391
Case #23: IMPOSSIBLE
Case #24: IMPOSSIBLE
Case #25: IMPOSSIBLE
Case #26: 1 2 3 4 5 6 7 8 9 10 11 12 13 14 15 16 17 18 19 20 21 22 23 24 25 26 27 28 29 30 31 32 33 34 35 36 37 38 39 40 41 42 43 44 45 46 47 48 49 50 51 52 53 54 55 56 57 58 59 60 61 62 63 64 65 66 67 68 69 70 71 72 73 74 75 76 77 78 79 80 81 82 83 84 85 86 87 88 89 90 91 92 93 94 95 96 97 98 99 100
Case #27: 2 268 534 800 1066 1331
Case #28: IMPOSSIBLE
Case #29: IMPOSSIBLE
Case #30: 2 7506337568 15012675134 22519012700 30025350266 37531687832 45038025398 52544362964 60050700530 67557038096 75063375662 82569713228 90076050794 97582388360 105088725926 112595063492 120101401058 127607738624 135114076190 142620413756 150126751322 157633088888 165139426454 172645764020 180152101586 187658439152 195164776718 202671114284 210177451850 217683789416 225190126982 232696464548 240202802114 247709139680 255215477246 262721814812 270228152378 277734489944 285240827510 292747165076 300253502642
Case #31: IMPOSSIBLE
Case #32: 1
Case #33: 1
Case #34: IMPOSSIBLE
Case #35: IMPOSSIBLE
Case #36: 2 89467927402322 178935854804642 268403782206962 357871709609282 447339637011602 536807564413922 626275491816242 715743419218562 805211346620882 894679274023202 984147201425522 1073615128827842 1163083056230162 1252550983632482 1342018911034802 1431486838437122 1520954765839442 1610422693241762 1699890620644082 1789358548046402 1878826475448722 1968294402851042 2057762330253362 2147230257655682 2236698185058002 2326166112460322 2415634039862642 2505101967264962 2594569894667282 2684037822069602 2773505749471922 2862973676874242 2952441604276562 3041909531678882 3131377459081202 3220845386483522 3310313313885842 3399781241288162 3489249168690482 3578717096092802 3668185023495122 3757652950897442 3847120878299762 3936588805702081
Case #37: IMPOSSIBLE
Case #38: IMPOSSIBLE
Case #39: 1
Case #40: 1 2 3 4 5 6 7 8 9 10 11 12 13 14 15 16 17 18 19 20 21 22 23 24 25 26 27 28 29 30 31 32 33 34 35 36 37 38 39 40 41
Case #41: 1
Case #42: 1
Case #43: 2
Case #44: 2 44
Case #45: 2 204 406 608 810 1012 1214 1416 1618 1820 2022 2224 2426 2628 2830 3032 3234 3436 3638 3840 4042 4244 4446 4648 4850 5052 5254 5456 5658 5860 6062 6264 6466 6668 6870 7072 7274 7476 7678 7880 8082 8284 8486 8688 8890 9092 9294 9496 9698 9900
Case #46: IMPOSSIBLE
Case #47: 2 24414064 48828125
Case #48: IMPOSSIBLE
Case #49: IMPOSSIBLE
Case #50: 2 12
Case #51: IMPOSSIBLE
Case #52: IMPOSSIBLE
Case #53: IMPOSSIBLE
Case #54: 2 617673396283947
Case #55: IMPOSSIBLE
Case #56: 2 5944 11886 17828 23770 29712 35654 41596 47538 53480 59422 65364 71306 77248 83190 89132 95074 101016 106958 112900 118842 124784 130726 136668 142610 148552 154494
Case #57: 2
Case #58: 1 2 3
Case #59: IMPOSSIBLE
Case #60: IMPOSSIBLE
Case #61: IMPOSSIBLE
Case #62: 2 131284 262566 393848 525130 656412 787694 918976 1050258 1181540 1312822 1444104 1575386 1706668 1837950 1969232 2100514 2231796 2363078 2494360
Case #63: IMPOSSIBLE
Case #64: IMPOSSIBLE
Case #65: 1
Case #66: 2
Case #67: IMPOSSIBLE
Case #68: IMPOSSIBLE
Case #69: 2 1121490164 2242980326 3364470488 4485960650 5607450812 6728940974 7850431136 8971921298 10093411460 11214901622 12336391784 13457881946 14579372108 15700862270 16822352432 17943842594 19065332756 20186822918 21308313080 22429803242 23551293404 24672783566 25794273728 26915763890 28037254052 29158744214 30280234376
Case #70: IMPOSSIBLE
Case #71: 2 48038396025285292
Case #72: IMPOSSIBLE
Case #73: IMPOSSIBLE
Case #74: 1
Case #75: IMPOSSIBLE
Case #76: 2
Case #77: 2 818653699336 1637307398670 2455961098004 3274614797338 4093268496672 4911922196006 5730575895340 6549229594674 7367883294008 8186536993342 9005190692676 9823844392010 10642498091344 11461151790678 12279805490012 13098459189346 13917112888680 14735766588014 15554420287348 16373073986682 17191727686016 18010381385350 18829035084684 19647688784018 20466342483352 21284996182686 22103649882020 22922303581354 23740957280688 24559610980022 25378264679356 26196918378690 27015572078024 27834225777358 28652879476692 29471533176026 30290186875360 31108840574694 31927494274028 32746147973362 33564801672696 34383455372030
Case #78: IMPOSSIBLE
Case #79: 2 368 734 1100 1466 1832 2197
Case #80: 2 3897436 7794870 11692304 15589738 19487171
Case #81: 1
Case #82: 2
Case #83: IMPOSSIBLE
Case #84: IMPOSSIBLE
Case #85: IMPOSSIBLE
Case #86: IMPOSSIBLE
Case #87: IMPOSSIBLE
Case #88: IMPOSSIBLE
Case #89: 1 2 3 4 5 6 7 8 9
Case #90: 2 72 142 212 282 352 422 492 562 632 702 772 842 912 982 1052 1122
Case #91: IMPOSSIBLE
Case #92: 2 243
Case #93: IMPOSSIBLE
Case #94: 2 9
Case #95: IMPOSSIBLE
Case #96: IMPOSSIBLE
Case #97: IMPOSSIBLE
Case #98: 1
Case #99: IMPOSSIBLE
Case #100: IMPOSSIBLE
