Case #1: 2
Case #2: 1
Case #3: 1 2
Case #4: 2 9
Case #5: 2 42473964556964 84947929113926 127421893670888 169895858227850 212369822784812 254843787341774 297317751898736 339791716455698 382265681012660 424739645569622 467213610126584 509687574683546 552161539240508 594635503797470 637109468354432 679583432911394 722057397468356 764531362025318 807005326582280 849479291139242 891953255696204 934427220253166 976901184810128 1019375149367090 1061849113924052 1104323078481014 1146797043037976 1189271007594938 1231744972151900 1274218936708862 1316692901265824 1359166865822786 1401640830379748 1444114794936710 1486588759493672 1529062724050634 1571536688607596 1614010653164558 1656484617721520
Case #6: 2 52648681536906856 105297363073813710
Case #7: 1 2 3 4 5 6 7 8 9 10 11 12 13 14 15 16 17 18 19 20 21 22 23 24 25 26 27 28 29 30 31 32 33 34 35 36 37 38 39 40 41 42 43 44 45 46 47 48 49 50 51 52 53 54 55 56 57 58 59 60 61 62 63 64 65 66 67 68 69 70 71 72 73 74 75 76 77 78 79 80 81
Case #8: 2 8623157894736844 17246315789473686 25869473684210528 34492631578947370 43115789473684212 51738947368421054 60362105263157896 68985263157894738 77608421052631580
Case #9: 1
Case #10: 2 12
Case #11: 2 19453310068924 38906620137846 58359930206768 77813240275690 97266550344612
Case #12: 2 1077894736844 2155789473686 3233684210528 4311578947370 5389473684212 6467368421054 7545263157896 8623157894738 9701052631580
Case #13: 2 8068 16134 24200 32266 40332 48398 56464 64530 72596 80662 88728 96794 104860 112926 120992 129058 137124 145190 153256 161322 169388 177454 185520 193586 201652 209718 217784 225850 233916 241982 250047
Case #14: 2 1823024952741904 3646049905483806 5469074858225708 7292099810967610 9115124763709512 10938149716451414 12761174669193316 14584199621935218 16407224574677120 18230249527419022 20053274480160924 21876299432902826 23699324385644728 25522349338386630 27345374291128532 29168399243870434 30991424196612336 32814449149354238 34637474102096140 36460499054838042 38283524007579944 40106548960321846 41929573913063748 43752598865805650 45575623818547552 47398648771289454 49221673724031356 51044698676773258 52867723629515160 54690748582257062 56513773534998964 58336798487740866 60159823440482768 61982848393224670 63805873345966572 65628898298708474
Case #15: 2 15640252994 31280505986 46920758978 62561011970 78201264962 93841517954 109481770946 125122023938 140762276930 156402529922 172042782914 187683035906 203323288898 218963541890 234603794882 250244047874 265884300866 281524553858 297164806850 312805059842 328445312834 344085565826 359725818818 375366071810 391006324802 406646577794 422286830786 437927083778 453567336770 469207589762 484847842754 500488095746 516128348738 531768601730 547408854722 563049107714 578689360706 594329613698 609969866690 625610119682 641250372674 656890625666 672530878658 688171131650 703811384642 719451637634 735091890625
Case #16: 2 5308 10614 15920 21226 26532 31838 37144 42450 47756 53062 58368 63674 68980 74286 79592 84898 90204 95510 100816 106122 111428 116734 122040 127346 132651
Case #17: 2 835449633883132 1670899267766262 2506348901649392 3341798535532522 4177248169415651
Case #18: 1 2 3 4
Case #19: 2 17864 35726 53588 71450 89312 107174 125036 142898 160760 178622 196484 214346 232208 250070 267932 285794 303656 321518 339380 357242 375104 392966 410828 428690 446552 464414 482276 500138 518000 535862 553724 571586 589448 607310 625172 643034 660896 678758 696620 714482 732344 750206 768068 785930 803792 821654
Case #20: 2 11769804 23539606 35309408 47079210 58849012 70618814 82388616 94158418 105928220 117698022 129467824 141237626 153007428 164777230 176547032 188316834 200086636 211856438 223626240 235396042 247165844 258935646 270705448 282475249
Case #21: 2 2016887170 4033774338 6050661506 8067548674 10084435842 12101323010 14118210178 16135097346 18151984514 20168871682 22185758850 24202646018 26219533186 28236420354 30253307522 32270194690 34287081858 36303969026 38320856194 40337743362 42354630530 44371517698 46388404866 48405292034 50422179202 52439066370 54455953538 56472840706 58489727874 60506615042 62523502209
Case #22: 1 2 3 4 5 6 7 8 9 10 11 12 13 14 15 16 17 18 19 20 21 22 23 24 25 26 27 28 29 30 31 32 33 34 35 36 37
Case #23: 1 2 3 4 5 6 7 8 9 10 11 12 13 14 15 16 17 18 19 20 21 22 23 24 25 26 27 28 29 30 31 32 33 34 35 36 37 38 39 40 41 42 43 44 45 46 47 48 49 50 51 52 53 54 55 56
Case #24: 2 6770663777896 13541327555790
Case #25: 2 2020204 4040406 6060608 8080810 10101012 12121214 14141416 16161618 18181820 20202022 22222224 24242426 26262628 28282830 30303032 32323234 34343436 36363638 38383840 40404042 42424244 44444446 46464648 48484850 50505052 52525254 54545456 56565658 58585860 60606062 62626264 64646466 66666668 68686870 70707072 72727274 74747476 76767678 78787880 80808082 82828284 84848486 86868688 88888890 90909092 92929294 94949496 96969698 98989900
Case #26: 2 9971524 19943046 29914568 39886090 49857612 59829134 69800656 79772178 89743700 99715222 109686744 119658266 129629788 139601310 149572832 159544354 169515876 179487398 189458920 199430442 209401964 219373486 229345007
Case #27: 2 131090094309912 262180188619822 393270282929732 524360377239642 655450471549552 786540565859462 917630660169372 1048720754479282 1179810848789192 1310900943099102 1441991037409012 1573081131718922 1704171226028832 1835261320338742 1966351414648652 2097441508958562 2228531603268472 2359621697578382 2490711791888292 2621801886198202 2752891980508112 2883982074818022 3015072169127932 3146162263437842 3277252357747752 3408342452057662 3539432546367572 3670522640677482 3801612734987392 3932702829297302 4063792923607212 4194883017917122 4325973112227032 4457063206536942 4588153300846852 4719243395156762 4850333489466672 4981423583776582 5112513678086492 5243603772396402 5374693866706312 5505783961016222 5636874055326132 5767964149636042 5899054243945952 6030144338255862
Case #28: 1
Case #29: 2 44
Case #30: 2 27985333212 55970666422 83955999632 111941332842 139926666052 167911999262 195897332472 223882665682 251867998892 279853332102 307838665312 335823998522 363809331732
Case #31: 2 53894736844 107789473686 161684210528 215578947370 269473684212 323368421054 377263157896 431157894738 485052631580
Case #32: 1
Case #33: 2 251999237558 503998475114 755997712670 1007996950226 1259996187782 1511995425338 1763994662894 2015993900449
Case #34: 2 27
Case #35: 2
Case #36: 2 6636556964 13273113926 19909670888 26546227850 33182784812 39819341774 46455898736 53092455698 59729012660 66365569622 73002126584 79638683546 86275240508 92911797470 99548354432 106184911394 112821468356 119458025318 126094582280 132731139242 139367696204 146004253166 152640810128 159277367090 165913924052 172550481014 179187037976 185823594938 192460151900 199096708862 205733265824 212369822786 219006379748 225642936710 232279493672 238916050634 245552607596 252189164558 258825721520
Case #37: 2 43401004 86802006 130203008 173604010 217005012 260406014 303807016 347208018 390609020 434010022 477411024 520812026 564213028 607614030 651015032 694416034 737817036 781218038 824619040 868020042 911421044 954822046 998223048 1041624050 1085025052 1128426054 1171827056 1215228058 1258629060 1302030062 1345431064 1388832066 1432233068
Case #38: 2 192153584101141164
Case #39: 1 2 3 4 5 6 7 8
Case #40: 2 927973143177004 1855946286354006 2783919429531008 3711892572708010 4639865715885012 5567838859062014 6495812002239016 7423785145416018 8351758288593020 9279731431770022 10207704574947024 11135677718124026 12063650861301028 12991624004478030 13919597147655032 14847570290832034 15775543434009036 16703516577186038 17631489720363040 18559462863540042 19487436006717044 20415409149894046 21343382293071048 22271355436248050 23199328579425052 24127301722602054 25055274865779056 25983248008956058 26911221152133060 27839194295310062 28767167438487064 29695140581664066 30623113724841068
Case #41: 2 22224 44446 66668 88890
Case #42: 2 186394 372786 559178 745570 931962 1118354 1304746 1491138 1677530 1863922 2050314 2236706 2423098 2609490 2795882 2982274 3168666 3355058 3541450 3727842 3914234 4100625
Case #43: 1
Case #44: 1
Case #45: 2 126910444 253820886 380731328 507641770 634552212 761462654 888373096 1015283538 1142193980 1269104422 1396014864 1522925306 1649835748 1776746190 1903656632 2030567074 2157477516 2284387958 2411298400 2538208842 2665119284 2792029726 2918940168 3045850610 3172761052 3299671494 3426581936 3553492378 3680402820 3807313262 3934223704 4061134146 4188044588 4314955030 4441865472 4568775914 4695686356 4822596798 4949507240 5076417682 5203328124 5330238566 5457149008 5584059449
Case #46: 2 20202020202020204 40404040404040406 60606060606060608 80808080808080810 101010101010101012 121212121212121214 141414141414141416 161616161616161618 181818181818181820 202020202020202022 222222222222222224 242424242424242426 262626262626262628 282828282828282830 303030303030303032 323232323232323234 343434343434343436 363636363636363638 383838383838383840 404040404040404042 424242424242424244 444444444444444446 464646464646464648 484848484848484850 505050505050505052 525252525252525254 545454545454545456 565656565656565658 585858585858585860 606060606060606062 626262626262626264 646464646464646466 666666666666666668 686868686868686870 707070707070707072 727272727272727274 747474747474747476 767676767676767678 787878787878787880 808080808080808082 828282828282828284 848484848484848486 868686868686868688 888888888888888890 909090909090909092 929292929292929294 949494949494949496 969696969696969698 989898989898989900
Case #47: 2 16217464 32434926 48652388 64869850 81087312 97304774
Case #48: 2
Case #49: 2 62 122 182 242 302 362 422 482 542 602 662 722 782 841
Case #50: 2 4882814 9765625
Case #51: 2 450283905890997363
Case #52: 2 31887755104 63775510206 95663265308 127551020410 159438775512 191326530614 223214285716 255102040818 286989795920 318877551022 350765306124 382653061226 414540816328 446428571430 478316326532 510204081634 542091836736 573979591838 605867346940 637755102042 669642857144 701530612246 733418367348 765306122450
Case #53: 1 2 3 4 5 6 7 8 9 10 11 12 13 14 15 16 17 18 19 20 21 22 23 24 25 26 27 28 29 30 31 32 33 34 35 36 37 38 39 40 41 42 43 44 45 46 47 48 49 50 51 52 53 54 55 56 57 58 59 60 61 62 63 64 65 66 67 68
Case #54: 2 1332322 2664642 3996962 5329282 6661602 7993922 9326242 10658562 11990882 13323202 14655522 15987842 17320162 18652482 19984802 21317122 22649442 23981762 25314082 26646402 27978722 29311042 30643362 31975682 33308002 34640322 35972642 37304962 38637282 39969602 41301922 42634242 43966562 45298882 46631202 47963522 49295842 50628162 51960482 53292802 54625122 55957442 57289761
Case #55: 2 15837779391898 31675558783794 47513338175690 63351117567586 79188896959482 95026676351378 110864455743274 126702235135170 142540014527066 158377793918962 174215573310858 190053352702754 205891132094649
Case #56: 1 2 3
Case #57: 2 204 406 608 810 1012 1214 1416 1618 1820 2022 2224 2426 2628 2830 3032 3234 3436 3638 3840 4042 4244 4446 4648 4850 5052 5254 5456 5658 5860 6062 6264 6466 6668 6870 7072 7274 7476 7678 7880 8082 8284 8486 8688 8890 9092 9294 9496 9698 9900
Case #58: 2
Case #59: 2 162802 325602 488402 651202 814002 976802 1139602 1302402 1465202 1628002 1790802 1953602 2116402 2279202 2442002 2604802 2767602 2930402 3093202 3256002 3418801
Case #60: 2 40986229451960 81972458903918 122958688355876 163944917807834 204931147259792 245917376711750 286903606163708 327889835615666 368876065067624 409862294519582 450848523971540 491834753423498 532820982875456 573807212327414 614793441779372 655779671231330 696765900683288 737752130135246 778738359587204 819724589039162 860710818491120 901697047943078
Case #61: 2 22 42 62 81
Case #62: 2 55649362039176 111298724078350 166948086117524 222597448156698 278246810195872 333896172235046 389545534274220 445194896313394 500844258352568 556493620391742
Case #63: 2 1162261467
Case #64: 1
Case #65: 2 15838147055303444 31676294110606886 47514441165910328 63352588221213770 79190735276517212 95028882331820654 110867029387124096 126705176442427538 142543323497730980 158381470553034422 174219617608337864 190057764663641306 205895911718944748 221734058774248190 237572205829551632 253410352884855074 269248499940158516 285086646995461958 300924794050765400 316762941106068842 332601088161372284 348439235216675726 364277382271979168 380115529327282610 395953676382586052 411791823437889494 427629970493192936 443468117548496378 459306264603799820 475144411659103262 490982558714406704 506820705769710146 522658852825013588 538496999880317030 554335146935620472 570173293990923914 586011441046227356 601849588101530798 617687735156834240 633525882212137682 649364029267441124 665202176322744566 681040323378048008 696878470433351450 712716617488654892 728554764543958334 744392911599261776 760231058654565217
Case #66: 1
Case #67: 2 3883014187082 7766028374162 11649042561242 15532056748322 19415070935402 23298085122481
Case #68: 2 681229584202 1362459168402 2043688752602 2724918336802 3406147921002 4087377505202 4768607089402 5449836673602 6131066257801
Case #69: 2 172
Case #70: 1
Case #71: 1 2 3 4 5 6 7 8 9 10 11 12 13 14 15 16 17 18 19 20 21 22 23 24 25 26 27 28 29 30 31 32 33
Case #72: 1 2 3 4 5 6 7 8 9 10 11 12 13 14 15 16 17 18 19 20 21 22 23 24 25 26 27 28 29 30 31 32 33 34 35 36 37 38 39 40 41 42 43 44 45 46 47 48 49 50 51 52 53 54 55 56 57 58 59 60 61 62 63 64 65 66 67 68 69 70 71 72 73 74 75 76 77 78 79 80 81 82 83 84 85 86 87 88 89 90 91 92 93 94 95 96 97 98 99 100
Case #73: 2 222222222222222224 444444444444444446 666666666666666668 888888888888888890
Case #74: 2 6184626088 12369252174 18553878260 24738504346 30923130432 37107756518 43292382604 49477008690 55661634776 61846260862 68030886948 74215513034 80400139120 86584765206 92769391292 98954017378 105138643464 111323269550
Case #75: 2 188 374 560 746 932 1118 1304 1490 1676 1862 2048 2234 2420 2606 2792 2978 3164 3350 3536 3722 3908 4094 4280 4466 4652 4838 5024 5210 5396 5582 5768 5954 6140 6326 6512 6698 6884 7070 7256 7442 7628 7814 8000 8186 8372
Case #76: 2 36651103448275864 73302206896551726 109953310344827588 146604413793103450 183255517241379312 219906620689655174 256557724137931036 293208827586206898 329859931034482760 366511034482758622 403162137931034484 439813241379310346 476464344827586208 513115448275862070
Case #77: 2 134 266 398 530 662 794 926 1058 1190 1322 1454 1586 1718 1850 1982 2114 2246 2378 2510 2642 2774 2906 3038 3170 3302 3434 3566 3698 3830 3962 4094 4225
Case #78: 2 112712 225422 338132 450842 563552 676262 788972 901682 1014392 1127102 1239812 1352522 1465232 1577942 1690652 1803362 1916072 2028782
Case #79: 1
Case #80: 2 16677181699666569
Case #81: 2 17201352969571292 34402705939142582 51604058908713872 68805411878285162 86006764847856452 103208117817427742 120409470786999032 137610823756570322 154812176726141612 172013529695712902 189214882665284192 206416235634855482 223617588604426772
Case #82: 2 12328 24654 36980 49306 61632 73958 86284 98610 110936 123262 135588 147914 160240 172566 184892 197218 209544 221870 234196 246522 258848 271174 283500 295826 308152 320478 332804 345130 357456 369782 382108 394434 406760 419086 431412 443738 456064 468390
Case #83: 2 67850566579604 135701133159206 203551699738808 271402266318410 339252832898012 407103399477614 474953966057216 542804532636818 610655099216420 678505665796022 746356232375624 814206798955226 882057365534828 949907932114430 1017758498694032 1085609065273634 1153459631853236 1221310198432838 1289160765012440 1357011331592042 1424861898171644 1492712464751246 1560563031330848 1628413597910449
Case #84: 2 62803449076 125606898150 188410347224 251213796298 314017245372 376820694446 439624143520 502427592594 565231041668 628034490742 690837939816 753641388890 816444837964 879248287038 942051736112 1004855185186 1067658634260 1130462083334 1193265532408 1256068981482 1318872430556 1381675879630 1444479328704 1507282777778 1570086226852 1632889675926 1695693125000
Case #85: 2 12943743388 25887486774 38831230160 51774973546 64718716932 77662460318 90606203704 103549947090 116493690476 129437433862 142381177248 155324920634 168268664020 181212407406 194156150792 207099894178 220043637564 232987380950 245931124336 258874867722 271818611107
Case #86: 2 1830717782818 3661435565634 5492153348450 7322871131266 9153588914082 10984306696898 12815024479714 14645742262530 16476460045346 18307177828162 20137895610978 21968613393794 23799331176610 25630048959426 27460766742242 29291484525058 31122202307874 32952920090690 34783637873506 36614355656322 38445073439138 40275791221954 42106509004770 43937226787586 45767944570401
Case #87: 2 1675864 3351726 5027588 6703450 8379312 10055174 11731036 13406898 15082760 16758622 18434484 20110346 21786208 23462070
Case #88: 2 4283987038456 8567974076910 12851961115364 17135948153818 21419935192272 25703922230726 29987909269180 34271896307633
Case #89: 2 94 186 278 370 462 554 646 738 830 922 1014 1106 1198 1290 1382 1474 1566 1658 1750 1842 1934 2025
Case #90: 1 2 3 4 5 6 7 8 9 10 11 12 13 14 15 16 17 18 19 20 21 22 23 24 25 26
Case #91: 2 164634244 329268486 493902728 658536970 823171212 987805454 1152439696 1317073938 1481708180 1646342422 1810976664 1975610906 2140245148 2304879390 2469513632 2634147874 2798782116 2963416358 3128050600 3292684842 3457319084 3621953326 3786587568 3951221810 4115856052 4280490294 4445124536 4609758778 4774393020 4939027262 5103661504 5268295746 5432929988 5597564230 5762198472 5926832714 6091466956 6256101198 6420735440 6585369682 6750003924 6914638166 7079272408 7243906650 7408540892 7573175134 7737809375
Case #92: 1 2 3 4 5 6 7 8 9 10 11 12 13 14 15 16 17 18 19 20 21 22 23 24 25 26 27 28 29 30 31 32 33 34 35 36 37 38 39 40 41 42 43 44 45 46 47 48 49 50 51 52 53 54 55 56 57 58 59 60 61 62 63 64 65 66 67 68 69 70 71 72 73 74 75 76 77 78 79 80 81 82 83 84 85 86 87
Case #93: 2 20204 40406 60608 80810 101012 121214 141416 161618 181820 202022 222224 242426 262628 282830 303032 323234 343436 363638 383840 404042 424244 444446 464648 484850 505052 525254 545456 565658 585860 606062 626264 646466 666668 686870 707072 727274 747476 767678 787880 808082 828284 848486 868688 888890 909092 929294 949496 969698 989900
Case #94: 2 1621109172412 3242218344822 4863327517232 6484436689642 8105545862052
Case #95: 1 2 3 4 5 6 7 8 9 10 11 12 13 14 15 16 17 18 19 20
Case #96: 1
Case #97: 2 5668827684276748 11337655368553494 17006483052830240 22675310737106986 28344138421383732 34012966105660478 39681793789937224 45350621474213970 51019449158490716 56688276842767462 62357104527044208 68025932211320954 73694759895597700 79363587579874446 85032415264151192 90701242948427938 96370070632704684 102038898316981430 107707726001258176 113376553685534922 119045381369811668 124714209054088414 130383036738365160 136051864422641906 141720692106918652
Case #98: 2
Case #99: 2 306872181088 613744362174 920616543260 1227488724346 1534360905432 1841233086518 2148105267604 2454977448690 2761849629776 3068721810862 3375593991948 3682466173034 3989338354120 4296210535206 4603082716292 4909954897378 5216827078464 5523699259550 5830571440636 6137443621722 6444315802808 6751187983894 7058060164980 7364932346066 7671804527152 7978676708238 8285548889324 8592421070410 8899293251496 9206165432582 9513037613668 9819909794754 10126781975840 10433654156926 10740526338012 11047398519097
Case #100: 2 81
